2024-11-09T00:04:59.339-03:00  INFO 5860 --- [authserver] [SpringApplicationShutdownHook] j.LocalContainerEntityManagerFactoryBean : Closing JPA EntityManagerFactory for persistence unit 'default'
2024-11-09T00:04:59.722-03:00  INFO 5860 --- [authserver] [SpringApplicationShutdownHook] com.zaxxer.hikari.HikariDataSource       : HikariPool-1 - Shutdown initiated...
2024-11-09T00:04:59.748-03:00  INFO 5860 --- [authserver] [SpringApplicationShutdownHook] com.zaxxer.hikari.HikariDataSource       : HikariPool-1 - Shutdown completed.
2024-11-09T21:02:59.716-03:00  INFO 10788 --- [authserver] [main] b.p.authserver.AuthserverApplicationKt   : Starting AuthserverApplicationKt using Java 21.0.4 with PID 10788 (C:\Reposit贸rios\GitHub colab\Servidor\build\classes\kotlin\main started by Carlos in C:\Reposit贸rios\GitHub colab\Servidor)
2024-11-09T21:02:59.720-03:00  INFO 10788 --- [authserver] [main] b.p.authserver.AuthserverApplicationKt   : No active profile set, falling back to 1 default profile: "default"
2024-11-09T21:03:01.325-03:00  INFO 10788 --- [authserver] [main] .s.d.r.c.RepositoryConfigurationDelegate : Bootstrapping Spring Data JPA repositories in DEFAULT mode.
2024-11-09T21:03:01.396-03:00  INFO 10788 --- [authserver] [main] .s.d.r.c.RepositoryConfigurationDelegate : Finished Spring Data repository scanning in 60 ms. Found 4 JPA repository interfaces.
2024-11-09T21:03:02.621-03:00  INFO 10788 --- [authserver] [main] o.s.b.w.embedded.tomcat.TomcatWebServer  : Tomcat initialized with port 8080 (http)
2024-11-09T21:03:02.663-03:00  INFO 10788 --- [authserver] [main] o.apache.catalina.core.StandardService   : Starting service [Tomcat]
2024-11-09T21:03:02.663-03:00  INFO 10788 --- [authserver] [main] o.apache.catalina.core.StandardEngine    : Starting Servlet engine: [Apache Tomcat/10.1.26]
2024-11-09T21:03:02.773-03:00  INFO 10788 --- [authserver] [main] o.a.c.c.C.[Tomcat].[localhost].[/api]    : Initializing Spring embedded WebApplicationContext
2024-11-09T21:03:02.774-03:00  INFO 10788 --- [authserver] [main] w.s.c.ServletWebServerApplicationContext : Root WebApplicationContext: initialization completed in 2947 ms
2024-11-09T21:03:02.840-03:00  INFO 10788 --- [authserver] [main] com.zaxxer.hikari.HikariDataSource       : HikariPool-1 - Starting...
2024-11-09T21:03:03.117-03:00  INFO 10788 --- [authserver] [main] com.zaxxer.hikari.pool.HikariPool        : HikariPool-1 - Added connection conn0: url=jdbc:h2:mem:db user=SA
2024-11-09T21:03:03.120-03:00  INFO 10788 --- [authserver] [main] com.zaxxer.hikari.HikariDataSource       : HikariPool-1 - Start completed.
2024-11-09T21:03:03.131-03:00  INFO 10788 --- [authserver] [main] o.s.b.a.h2.H2ConsoleAutoConfiguration    : H2 console available at '/h2-console'. Database available at 'jdbc:h2:mem:db'
2024-11-09T21:03:03.640-03:00  INFO 10788 --- [authserver] [main] o.hibernate.jpa.internal.util.LogHelper  : HHH000204: Processing PersistenceUnitInfo [name: default]
2024-11-09T21:03:03.756-03:00  INFO 10788 --- [authserver] [main] org.hibernate.Version                    : HHH000412: Hibernate ORM core version 6.5.2.Final
2024-11-09T21:03:03.794-03:00  INFO 10788 --- [authserver] [main] o.h.c.internal.RegionFactoryInitiator    : HHH000026: Second-level cache disabled
2024-11-09T21:03:04.140-03:00  INFO 10788 --- [authserver] [main] o.s.o.j.p.SpringPersistenceUnitInfo      : No LoadTimeWeaver setup: ignoring JPA class transformer
2024-11-09T21:03:05.393-03:00  INFO 10788 --- [authserver] [main] o.h.e.t.j.p.i.JtaPlatformInitiator       : HHH000489: No JTA platform available (set 'hibernate.transaction.jta.platform' to enable JTA platform integration)
2024-11-09T21:03:05.458-03:00  INFO 10788 --- [authserver] [main] j.LocalContainerEntityManagerFactoryBean : Initialized JPA EntityManagerFactory for persistence unit 'default'
2024-11-09T21:03:06.071-03:00  INFO 10788 --- [authserver] [main] o.s.d.j.r.query.QueryEnhancerFactory     : Hibernate is in classpath; If applicable, HQL parser will be used.
2024-11-09T21:03:06.720-03:00  WARN 10788 --- [authserver] [main] JpaBaseConfiguration$JpaWebConfiguration : spring.jpa.open-in-view is enabled by default. Therefore, database queries may be performed during view rendering. Explicitly configure spring.jpa.open-in-view to disable this warning
2024-11-09T21:03:07.083-03:00  WARN 10788 --- [authserver] [main] .s.s.UserDetailsServiceAutoConfiguration : 

Using generated security password: 57708f75-3291-4d1c-b429-b6267f68e118

This generated password is for development use only. Your security configuration must be updated before running your application in production.

2024-11-09T21:03:07.158-03:00  INFO 10788 --- [authserver] [main] r$InitializeUserDetailsManagerConfigurer : Global AuthenticationManager configured with UserDetailsService bean with name inMemoryUserDetailsManager
2024-11-09T21:03:07.659-03:00  INFO 10788 --- [authserver] [main] o.s.b.w.embedded.tomcat.TomcatWebServer  : Tomcat started on port 8080 (http) with context path '/api'
2024-11-09T21:03:07.837-03:00  INFO 10788 --- [authserver] [main] br.pucpr.authserver.Bootstrapper         : ADMIN and USER roles created!
2024-11-09T21:03:07.860-03:00  INFO 10788 --- [authserver] [main] br.pucpr.authserver.Bootstrapper         : ADMIN user created!
2024-11-09T21:03:07.873-03:00  INFO 10788 --- [authserver] [main] b.p.authserver.AuthserverApplicationKt   : Started AuthserverApplicationKt in 8.713 seconds (process running for 9.174)
2024-11-09T21:03:50.139-03:00  INFO 10788 --- [authserver] [http-nio-8080-exec-1] o.a.c.c.C.[Tomcat].[localhost].[/api]    : Initializing Spring DispatcherServlet 'dispatcherServlet'
2024-11-09T21:03:50.140-03:00  INFO 10788 --- [authserver] [http-nio-8080-exec-1] o.s.web.servlet.DispatcherServlet        : Initializing Servlet 'dispatcherServlet'
2024-11-09T21:03:50.142-03:00  INFO 10788 --- [authserver] [http-nio-8080-exec-1] o.s.web.servlet.DispatcherServlet        : Completed initialization in 2 ms
2024-11-09T21:03:51.972-03:00  INFO 10788 --- [authserver] [http-nio-8080-exec-9] o.springdoc.api.AbstractOpenApiResource  : Init duration for springdoc-openapi is: 1160 ms
2024-11-09T21:16:15.790-03:00  INFO 10788 --- [authserver] [SpringApplicationShutdownHook] j.LocalContainerEntityManagerFactoryBean : Closing JPA EntityManagerFactory for persistence unit 'default'
2024-11-09T21:16:15.802-03:00  INFO 10788 --- [authserver] [SpringApplicationShutdownHook] com.zaxxer.hikari.HikariDataSource       : HikariPool-1 - Shutdown initiated...
2024-11-09T21:16:15.805-03:00  INFO 10788 --- [authserver] [SpringApplicationShutdownHook] com.zaxxer.hikari.HikariDataSource       : HikariPool-1 - Shutdown completed.
2024-11-09T21:23:42.165-03:00  INFO 6752 --- [authserver] [main] b.p.authserver.AuthserverApplicationKt   : Starting AuthserverApplicationKt using Java 21.0.4 with PID 6752 (C:\Reposit贸rios\GitHub colab\Servidor\build\classes\kotlin\main started by Carlos in C:\Reposit贸rios\GitHub colab\Servidor)
2024-11-09T21:23:42.168-03:00  INFO 6752 --- [authserver] [main] b.p.authserver.AuthserverApplicationKt   : No active profile set, falling back to 1 default profile: "default"
2024-11-09T21:23:43.631-03:00  INFO 6752 --- [authserver] [main] .s.d.r.c.RepositoryConfigurationDelegate : Bootstrapping Spring Data JPA repositories in DEFAULT mode.
2024-11-09T21:23:43.702-03:00  INFO 6752 --- [authserver] [main] .s.d.r.c.RepositoryConfigurationDelegate : Finished Spring Data repository scanning in 62 ms. Found 4 JPA repository interfaces.
2024-11-09T21:23:44.802-03:00  INFO 6752 --- [authserver] [main] o.s.b.w.embedded.tomcat.TomcatWebServer  : Tomcat initialized with port 8080 (http)
2024-11-09T21:23:44.839-03:00  INFO 6752 --- [authserver] [main] o.apache.catalina.core.StandardService   : Starting service [Tomcat]
2024-11-09T21:23:44.839-03:00  INFO 6752 --- [authserver] [main] o.apache.catalina.core.StandardEngine    : Starting Servlet engine: [Apache Tomcat/10.1.26]
2024-11-09T21:23:44.930-03:00  INFO 6752 --- [authserver] [main] o.a.c.c.C.[Tomcat].[localhost].[/api]    : Initializing Spring embedded WebApplicationContext
2024-11-09T21:23:44.931-03:00  INFO 6752 --- [authserver] [main] w.s.c.ServletWebServerApplicationContext : Root WebApplicationContext: initialization completed in 2678 ms
2024-11-09T21:23:44.992-03:00  INFO 6752 --- [authserver] [main] com.zaxxer.hikari.HikariDataSource       : HikariPool-1 - Starting...
2024-11-09T21:23:45.273-03:00  INFO 6752 --- [authserver] [main] com.zaxxer.hikari.pool.HikariPool        : HikariPool-1 - Added connection conn0: url=jdbc:h2:mem:db user=SA
2024-11-09T21:23:45.274-03:00  INFO 6752 --- [authserver] [main] com.zaxxer.hikari.HikariDataSource       : HikariPool-1 - Start completed.
2024-11-09T21:23:45.284-03:00  INFO 6752 --- [authserver] [main] o.s.b.a.h2.H2ConsoleAutoConfiguration    : H2 console available at '/h2-console'. Database available at 'jdbc:h2:mem:db'
2024-11-09T21:23:45.684-03:00  INFO 6752 --- [authserver] [main] o.hibernate.jpa.internal.util.LogHelper  : HHH000204: Processing PersistenceUnitInfo [name: default]
2024-11-09T21:23:45.778-03:00  INFO 6752 --- [authserver] [main] org.hibernate.Version                    : HHH000412: Hibernate ORM core version 6.5.2.Final
2024-11-09T21:23:45.817-03:00  INFO 6752 --- [authserver] [main] o.h.c.internal.RegionFactoryInitiator    : HHH000026: Second-level cache disabled
2024-11-09T21:23:46.183-03:00  INFO 6752 --- [authserver] [main] o.s.o.j.p.SpringPersistenceUnitInfo      : No LoadTimeWeaver setup: ignoring JPA class transformer
2024-11-09T21:23:47.350-03:00  INFO 6752 --- [authserver] [main] o.h.e.t.j.p.i.JtaPlatformInitiator       : HHH000489: No JTA platform available (set 'hibernate.transaction.jta.platform' to enable JTA platform integration)
2024-11-09T21:23:47.415-03:00  INFO 6752 --- [authserver] [main] j.LocalContainerEntityManagerFactoryBean : Initialized JPA EntityManagerFactory for persistence unit 'default'
2024-11-09T21:23:48.070-03:00  INFO 6752 --- [authserver] [main] o.s.d.j.r.query.QueryEnhancerFactory     : Hibernate is in classpath; If applicable, HQL parser will be used.
2024-11-09T21:23:48.787-03:00  WARN 6752 --- [authserver] [main] JpaBaseConfiguration$JpaWebConfiguration : spring.jpa.open-in-view is enabled by default. Therefore, database queries may be performed during view rendering. Explicitly configure spring.jpa.open-in-view to disable this warning
2024-11-09T21:23:49.198-03:00  WARN 6752 --- [authserver] [main] .s.s.UserDetailsServiceAutoConfiguration : 

Using generated security password: 52b5c5ac-8562-4726-84ba-0b678bcdfd8a

This generated password is for development use only. Your security configuration must be updated before running your application in production.

2024-11-09T21:23:49.257-03:00  INFO 6752 --- [authserver] [main] r$InitializeUserDetailsManagerConfigurer : Global AuthenticationManager configured with UserDetailsService bean with name inMemoryUserDetailsManager
2024-11-09T21:23:49.733-03:00  INFO 6752 --- [authserver] [main] o.s.b.w.embedded.tomcat.TomcatWebServer  : Tomcat started on port 8080 (http) with context path '/api'
2024-11-09T21:23:49.956-03:00  INFO 6752 --- [authserver] [main] br.pucpr.authserver.Bootstrapper         : ADMIN and USER roles created!
2024-11-09T21:23:49.983-03:00  INFO 6752 --- [authserver] [main] br.pucpr.authserver.Bootstrapper         : ADMIN user created!
2024-11-09T21:23:49.984-03:00  INFO 6752 --- [authserver] [main] b.p.authserver.AuthserverApplicationKt   : Started AuthserverApplicationKt in 8.449 seconds (process running for 9.031)
2024-11-09T21:24:39.721-03:00  INFO 6752 --- [authserver] [SpringApplicationShutdownHook] j.LocalContainerEntityManagerFactoryBean : Closing JPA EntityManagerFactory for persistence unit 'default'
2024-11-09T21:24:39.737-03:00  INFO 6752 --- [authserver] [SpringApplicationShutdownHook] com.zaxxer.hikari.HikariDataSource       : HikariPool-1 - Shutdown initiated...
2024-11-09T21:24:39.742-03:00  INFO 6752 --- [authserver] [SpringApplicationShutdownHook] com.zaxxer.hikari.HikariDataSource       : HikariPool-1 - Shutdown completed.
